Using pre-set license
Built from '2020.3/staging' branch; Version is '2020.3.0f1 (c7b5465681fb) revision 13088070'; Using compiler version '192528614'; Build Type 'Release'
OS: 'Windows 10 Pro; OS build 19041.1052; Version 2004; 64bit' Language: 'en' Physical Memory: 8073 MB
BatchMode: 1, IsHumanControllingUs: 0, StartBugReporterOnCrash: 0, Is64bit: 1, IsPro: 0

 COMMAND LINE ARGUMENTS:
C:\Program Files\Unity\Hub\Editor\2020.3.0f1\Editor\Unity.exe
-adb2
-batchMode
-noUpm
-name
AssetImportWorker0
-projectPath
C:/Users/johns/Unity Project/Block Breaker
-logFile
Logs/AssetImportWorker0.log
-srvPort
49817
Successfully changed project path to: C:/Users/johns/Unity Project/Block Breaker
C:/Users/johns/Unity Project/Block Breaker
Using Asset Import Pipeline V2.
Refreshing native plugins compatible for Editor in 55.31 ms, found 1 plugins.
Preloading 0 native plugins for Editor in 0.00 ms.
Initialize engine version: 2020.3.0f1 (c7b5465681fb)
[Subsystems] Discovering subsystems at path C:/Program Files/Unity/Hub/Editor/2020.3.0f1/Editor/Data/Resources/UnitySubsystems
[Subsystems] Discovering subsystems at path C:/Users/johns/Unity Project/Block Breaker/Assets
GfxDevice: creating device client; threaded=0
Direct3D:
    Version:  Direct3D 11.0 [level 11.1]
    Renderer: NVIDIA GeForce GTX 1050 (ID=0x1c8d)
    Vendor:   
    VRAM:     4021 MB
    Driver:   27.21.14.5167
Initialize mono
Mono path[0] = 'C:/Program Files/Unity/Hub/Editor/2020.3.0f1/Editor/Data/Managed'
Mono path[1] = 'C:/Program Files/Unity/Hub/Editor/2020.3.0f1/Editor/Data/MonoBleedingEdge/lib/mono/unityjit'
Mono config path = 'C:/Program Files/Unity/Hub/Editor/2020.3.0f1/Editor/Data/MonoBleedingEdge/etc'
Using monoOptions --debugger-agent=transport=dt_socket,embedding=1,server=y,suspend=n,address=127.0.0.1:56816
Begin MonoManager ReloadAssembly
Registering precompiled unity dll's ...
Register platform support module: C:/Program Files/Unity/Hub/Editor/2020.3.0f1/Editor/Data/PlaybackEngines/WebGLSupport/UnityEditor.WebGL.Extensions.dll
Register platform support module: C:/Program Files/Unity/Hub/Editor/2020.3.0f1/Editor/Data/PlaybackEngines/WindowsStandaloneSupport/UnityEditor.WindowsStandalone.Extensions.dll
Registered in 0.003720 seconds.
Native extension for WindowsStandalone target not found
Native extension for WebGL target not found
Refreshing native plugins compatible for Editor in 49.20 ms, found 1 plugins.
Preloading 0 native plugins for Editor in 0.00 ms.
Invoked RoslynAnalysisRunner static constructor.
RoslynAnalysisRunner will not be running.
RoslynAnalysisRunner has terminated.
Mono: successfully reloaded assembly
- Completed reload, in  2.543 seconds
Platform modules already initialized, skipping
Registering precompiled user dll's ...
Registered in 0.001235 seconds.
Begin MonoManager ReloadAssembly
Native extension for WindowsStandalone target not found
Native extension for WebGL target not found
Refreshing native plugins compatible for Editor in 46.98 ms, found 1 plugins.
Preloading 0 native plugins for Editor in 0.00 ms.
Invoked RoslynAnalysisRunner static constructor.
RoslynAnalysisRunner will not be running.
RoslynAnalysisRunner has terminated.
Mono: successfully reloaded assembly
- Completed reload, in  1.308 seconds
Platform modules already initialized, skipping
========================================================================
Worker process is ready to serve import requests
Launched and connected shader compiler UnityShaderCompiler.exe after 0.07 seconds
Refreshing native plugins compatible for Editor in 0.43 ms, found 1 plugins.
Preloading 0 native plugins for Editor in 0.00 ms.
Unloading 1858 Unused Serialized files (Serialized files now loaded: 0)
System memory in use before: 106.5 MB.
System memory in use after: 106.5 MB.

Unloading 23 unused Assets to reduce memory usage. Loaded Objects now: 2322.
Total: 4.477400 ms (FindLiveObjects: 0.605300 ms CreateObjectMapping: 0.223800 ms MarkObjects: 3.326200 ms  DeleteObjects: 0.320200 ms)

========================================================================
Received Import Request.
  path: Assets/BallController.cs
  artifactKey: Guid(c89dcb725194e3246a68c2e34c04aeb8) Importer(815301076,1909f56bfc062723c751e8b465ee728b)
Start importing Assets/BallController.cs using Guid(c89dcb725194e3246a68c2e34c04aeb8) Importer(815301076,1909f56bfc062723c751e8b465ee728b)  -> (artifact id: 'aefc96c345817a2f8b068a4090a1de6c') in 0.090102 seconds
  Import took 0.095724 seconds .

========================================================================
Received Prepare
Refreshing native plugins compatible for Editor in 6.06 ms, found 1 plugins.
Preloading 0 native plugins for Editor in 0.00 ms.
Unloading 10 Unused Serialized files (Serialized files now loaded: 0)
System memory in use before: 69.1 MB.
System memory in use after: 69.1 MB.

Unloading 10 unused Assets to reduce memory usage. Loaded Objects now: 2322.
Total: 2.723500 ms (FindLiveObjects: 0.251600 ms CreateObjectMapping: 0.085100 ms MarkObjects: 2.184300 ms  DeleteObjects: 0.200400 ms)

========================================================================
Received Prepare
Registering precompiled user dll's ...
Registered in 0.001411 seconds.
Begin MonoManager ReloadAssembly
Native extension for WindowsStandalone target not found
Native extension for WebGL target not found
Refreshing native plugins compatible for Editor in 0.96 ms, found 1 plugins.
Preloading 0 native plugins for Editor in 0.00 ms.
Invoked RoslynAnalysisRunner static constructor.
RoslynAnalysisRunner will not be running.
RoslynAnalysisRunner has terminated.
Mono: successfully reloaded assembly
- Completed reload, in  1.406 seconds
Platform modules already initialized, skipping
Switching build target platform(5) subTarget(0) extendedPlatform(0) -> platform(13) subTarget(537395200) extendedPlatform(0)
Refreshing native plugins compatible for Editor in 0.43 ms, found 1 plugins.
Preloading 0 native plugins for Editor in 0.00 ms.
Unloading 1843 Unused Serialized files (Serialized files now loaded: 0)
System memory in use before: 105.2 MB.
System memory in use after: 105.2 MB.

Unloading 12 unused Assets to reduce memory usage. Loaded Objects now: 2326.
Total: 4.581100 ms (FindLiveObjects: 0.393300 ms CreateObjectMapping: 0.530700 ms MarkObjects: 3.510200 ms  DeleteObjects: 0.143700 ms)

AssetImportParameters requested are different than current active one (requested -> active):
  custom:graphics/normal-map-encoding: 01000000000000000000000000000000 -> 02000000000000000000000000000000
========================================================================
Received Prepare
Registering precompiled user dll's ...
Registered in 0.001369 seconds.
Begin MonoManager ReloadAssembly
Native extension for WindowsStandalone target not found
Native extension for WebGL target not found
Refreshing native plugins compatible for Editor in 0.64 ms, found 1 plugins.
Preloading 0 native plugins for Editor in 0.00 ms.
Invoked RoslynAnalysisRunner static constructor.
RoslynAnalysisRunner will not be running.
RoslynAnalysisRunner has terminated.
Mono: successfully reloaded assembly
- Completed reload, in  1.210 seconds
Platform modules already initialized, skipping
Switching build target platform(5) subTarget(0) extendedPlatform(0) -> platform(13) subTarget(537395200) extendedPlatform(0)
Refreshing native plugins compatible for Editor in 0.38 ms, found 1 plugins.
Preloading 0 native plugins for Editor in 0.00 ms.
Unloading 1843 Unused Serialized files (Serialized files now loaded: 0)
System memory in use before: 105.3 MB.
System memory in use after: 105.3 MB.

Unloading 12 unused Assets to reduce memory usage. Loaded Objects now: 2330.
Total: 5.040100 ms (FindLiveObjects: 0.767100 ms CreateObjectMapping: 0.170400 ms MarkObjects: 3.962200 ms  DeleteObjects: 0.138200 ms)

AssetImportParameters requested are different than current active one (requested -> active):
  custom:graphics/normal-map-encoding: 01000000000000000000000000000000 -> 02000000000000000000000000000000
========================================================================
Received Import Request.
  Time since last request: 1800.529043 seconds.
  path: Assets/Script/PaddleController.cs
  artifactKey: Guid(eec24b0006c1fa3449e15d13e05539a3) Importer(815301076,1909f56bfc062723c751e8b465ee728b)
Start importing Assets/Script/PaddleController.cs using Guid(eec24b0006c1fa3449e15d13e05539a3) Importer(815301076,1909f56bfc062723c751e8b465ee728b)  -> (artifact id: '3c9d6700b3e7034b09aaff4a8072719e') in 0.021183 seconds
  Import took 0.027990 seconds .

========================================================================
Received Prepare
Registering precompiled user dll's ...
Registered in 0.003119 seconds.
Begin MonoManager ReloadAssembly
Native extension for WindowsStandalone target not found
Native extension for WebGL target not found
Refreshing native plugins compatible for Editor in 0.84 ms, found 1 plugins.
Preloading 0 native plugins for Editor in 0.00 ms.
Invoked RoslynAnalysisRunner static constructor.
RoslynAnalysisRunner will not be running.
RoslynAnalysisRunner has terminated.
Mono: successfully reloaded assembly
- Completed reload, in  1.317 seconds
Platform modules already initialized, skipping
Switching build target platform(5) subTarget(0) extendedPlatform(0) -> platform(13) subTarget(537395200) extendedPlatform(0)
Refreshing native plugins compatible for Editor in 0.39 ms, found 1 plugins.
Preloading 0 native plugins for Editor in 0.00 ms.
Unloading 1843 Unused Serialized files (Serialized files now loaded: 0)
System memory in use before: 105.3 MB.
System memory in use after: 105.3 MB.

Unloading 12 unused Assets to reduce memory usage. Loaded Objects now: 2334.
Total: 3.427400 ms (FindLiveObjects: 0.619000 ms CreateObjectMapping: 0.105000 ms MarkObjects: 2.433000 ms  DeleteObjects: 0.265800 ms)

AssetImportParameters requested are different than current active one (requested -> active):
  custom:graphics/normal-map-encoding: 01000000000000000000000000000000 -> 02000000000000000000000000000000
========================================================================
Received Import Request.
  Time since last request: 1862.809847 seconds.
  path: Assets/Block Breaker Starting Assets/Block Square.png
  artifactKey: Guid(1522847b8d6e8e549851a77f4c1ad3ca) Importer(815301076,1909f56bfc062723c751e8b465ee728b)
Start importing Assets/Block Breaker Starting Assets/Block Square.png using Guid(1522847b8d6e8e549851a77f4c1ad3ca) Importer(815301076,1909f56bfc062723c751e8b465ee728b)  -> (artifact id: 'a0167bf5de9b28111867300d05abb6df') in 0.284610 seconds
  Import took 0.290574 seconds .

========================================================================
Received Prepare
Registering precompiled user dll's ...
Registered in 0.001106 seconds.
Begin MonoManager ReloadAssembly
Native extension for WindowsStandalone target not found
Native extension for WebGL target not found
Refreshing native plugins compatible for Editor in 0.41 ms, found 1 plugins.
Preloading 0 native plugins for Editor in 0.00 ms.
Invoked RoslynAnalysisRunner static constructor.
RoslynAnalysisRunner will not be running.
RoslynAnalysisRunner has terminated.
Mono: successfully reloaded assembly
- Completed reload, in  1.263 seconds
Platform modules already initialized, skipping
Switching build target platform(5) subTarget(0) extendedPlatform(0) -> platform(13) subTarget(537395200) extendedPlatform(0)
Refreshing native plugins compatible for Editor in 0.80 ms, found 1 plugins.
Preloading 0 native plugins for Editor in 0.00 ms.
Unloading 1844 Unused Serialized files (Serialized files now loaded: 0)
System memory in use before: 108.4 MB.
System memory in use after: 108.4 MB.

Unloading 12 unused Assets to reduce memory usage. Loaded Objects now: 2345.
Total: 3.986200 ms (FindLiveObjects: 0.369800 ms CreateObjectMapping: 0.163200 ms MarkObjects: 3.286300 ms  DeleteObjects: 0.165000 ms)

AssetImportParameters requested are different than current active one (requested -> active):
  custom:graphics/normal-map-encoding: 01000000000000000000000000000000 -> 02000000000000000000000000000000
========================================================================
Received Prepare
Registering precompiled user dll's ...
Registered in 0.001665 seconds.
Begin MonoManager ReloadAssembly
Native extension for WindowsStandalone target not found
Native extension for WebGL target not found
Refreshing native plugins compatible for Editor in 0.41 ms, found 1 plugins.
Preloading 0 native plugins for Editor in 0.00 ms.
Invoked RoslynAnalysisRunner static constructor.
RoslynAnalysisRunner will not be running.
RoslynAnalysisRunner has terminated.
Mono: successfully reloaded assembly
- Completed reload, in  1.205 seconds
Platform modules already initialized, skipping
Switching build target platform(5) subTarget(0) extendedPlatform(0) -> platform(13) subTarget(537395200) extendedPlatform(0)
Refreshing native plugins compatible for Editor in 0.68 ms, found 1 plugins.
Preloading 0 native plugins for Editor in 0.00 ms.
Unloading 1844 Unused Serialized files (Serialized files now loaded: 0)
System memory in use before: 108.4 MB.
System memory in use after: 108.4 MB.

Unloading 12 unused Assets to reduce memory usage. Loaded Objects now: 2349.
Total: 3.979100 ms (FindLiveObjects: 0.382800 ms CreateObjectMapping: 0.094500 ms MarkObjects: 3.273200 ms  DeleteObjects: 0.225400 ms)

AssetImportParameters requested are different than current active one (requested -> active):
  custom:graphics/normal-map-encoding: 01000000000000000000000000000000 -> 02000000000000000000000000000000
========================================================================
Received Prepare
Registering precompiled user dll's ...
Registered in 0.001892 seconds.
Begin MonoManager ReloadAssembly
Native extension for WindowsStandalone target not found
Native extension for WebGL target not found
Refreshing native plugins compatible for Editor in 0.44 ms, found 1 plugins.
Preloading 0 native plugins for Editor in 0.00 ms.
Invoked RoslynAnalysisRunner static constructor.
RoslynAnalysisRunner will not be running.
RoslynAnalysisRunner has terminated.
Mono: successfully reloaded assembly
- Completed reload, in  1.331 seconds
Platform modules already initialized, skipping
Switching build target platform(5) subTarget(0) extendedPlatform(0) -> platform(13) subTarget(537395200) extendedPlatform(0)
Refreshing native plugins compatible for Editor in 0.40 ms, found 1 plugins.
Preloading 0 native plugins for Editor in 0.00 ms.
Unloading 1844 Unused Serialized files (Serialized files now loaded: 0)
System memory in use before: 108.5 MB.
System memory in use after: 108.4 MB.

Unloading 12 unused Assets to reduce memory usage. Loaded Objects now: 2353.
Total: 3.419800 ms (FindLiveObjects: 0.368100 ms CreateObjectMapping: 0.086700 ms MarkObjects: 2.676800 ms  DeleteObjects: 0.286800 ms)

AssetImportParameters requested are different than current active one (requested -> active):
  custom:graphics/normal-map-encoding: 01000000000000000000000000000000 -> 02000000000000000000000000000000
========================================================================
Received Prepare
Registering precompiled user dll's ...
Registered in 0.001170 seconds.
Begin MonoManager ReloadAssembly
Native extension for WindowsStandalone target not found
Native extension for WebGL target not found
Refreshing native plugins compatible for Editor in 0.78 ms, found 1 plugins.
Preloading 0 native plugins for Editor in 0.00 ms.
Invoked RoslynAnalysisRunner static constructor.
RoslynAnalysisRunner will not be running.
RoslynAnalysisRunner has terminated.
Mono: successfully reloaded assembly
- Completed reload, in  1.331 seconds
Platform modules already initialized, skipping
Switching build target platform(5) subTarget(0) extendedPlatform(0) -> platform(13) subTarget(537395200) extendedPlatform(0)
Refreshing native plugins compatible for Editor in 0.39 ms, found 1 plugins.
Preloading 0 native plugins for Editor in 0.00 ms.
Unloading 1844 Unused Serialized files (Serialized files now loaded: 0)
System memory in use before: 108.5 MB.
System memory in use after: 108.5 MB.

Unloading 12 unused Assets to reduce memory usage. Loaded Objects now: 2357.
Total: 3.119100 ms (FindLiveObjects: 0.316600 ms CreateObjectMapping: 0.136600 ms MarkObjects: 2.474300 ms  DeleteObjects: 0.190200 ms)

AssetImportParameters requested are different than current active one (requested -> active):
  custom:graphics/normal-map-encoding: 01000000000000000000000000000000 -> 02000000000000000000000000000000
========================================================================
Received Import Request.
  Time since last request: 197.143908 seconds.
  path: Assets/Script/BlockController.cs
  artifactKey: Guid(abc25ef9f9f7f464da894d2877a1fcf4) Importer(815301076,1909f56bfc062723c751e8b465ee728b)
Start importing Assets/Script/BlockController.cs using Guid(abc25ef9f9f7f464da894d2877a1fcf4) Importer(815301076,1909f56bfc062723c751e8b465ee728b)  -> (artifact id: 'f7a3fe2881f6727ef94e9d32720d82df') in 0.017828 seconds
  Import took 0.024300 seconds .

========================================================================
Received Import Request.
  Time since last request: 0.000621 seconds.
  path: Assets/Script/BlockController.cs
  artifactKey: Guid(abc25ef9f9f7f464da894d2877a1fcf4) Importer(815301076,1909f56bfc062723c751e8b465ee728b)
Start importing Assets/Script/BlockController.cs using Guid(abc25ef9f9f7f464da894d2877a1fcf4) Importer(815301076,1909f56bfc062723c751e8b465ee728b)  -> (artifact id: 'f7a3fe2881f6727ef94e9d32720d82df') in 0.003164 seconds
  Import took 0.011317 seconds .

========================================================================
Received Prepare
Registering precompiled user dll's ...
Registered in 0.001288 seconds.
Begin MonoManager ReloadAssembly
Native extension for WindowsStandalone target not found
Native extension for WebGL target not found
Refreshing native plugins compatible for Editor in 0.56 ms, found 1 plugins.
Preloading 0 native plugins for Editor in 0.00 ms.
Invoked RoslynAnalysisRunner static constructor.
RoslynAnalysisRunner will not be running.
RoslynAnalysisRunner has terminated.
Mono: successfully reloaded assembly
- Completed reload, in  1.199 seconds
Platform modules already initialized, skipping
Switching build target platform(5) subTarget(0) extendedPlatform(0) -> platform(13) subTarget(537395200) extendedPlatform(0)
Refreshing native plugins compatible for Editor in 0.60 ms, found 1 plugins.
Preloading 0 native plugins for Editor in 0.00 ms.
Unloading 1844 Unused Serialized files (Serialized files now loaded: 0)
System memory in use before: 108.5 MB.
System memory in use after: 108.5 MB.

Unloading 12 unused Assets to reduce memory usage. Loaded Objects now: 2361.
Total: 6.882200 ms (FindLiveObjects: 1.371400 ms CreateObjectMapping: 0.556300 ms MarkObjects: 4.748600 ms  DeleteObjects: 0.203000 ms)

AssetImportParameters requested are different than current active one (requested -> active):
  custom:graphics/normal-map-encoding: 01000000000000000000000000000000 -> 02000000000000000000000000000000
========================================================================
Received Import Request.
  Time since last request: 54.886453 seconds.
  path: Assets/Script/BlockController.cs
  artifactKey: Guid(abc25ef9f9f7f464da894d2877a1fcf4) Importer(815301076,1909f56bfc062723c751e8b465ee728b)
Start importing Assets/Script/BlockController.cs using Guid(abc25ef9f9f7f464da894d2877a1fcf4) Importer(815301076,1909f56bfc062723c751e8b465ee728b)  -> (artifact id: '629ea0f33f738c1468a1c7c860395cf9') in 0.009357 seconds
  Import took 0.018631 seconds .

========================================================================
Received Prepare
Registering precompiled user dll's ...
Registered in 0.001096 seconds.
Begin MonoManager ReloadAssembly
Native extension for WindowsStandalone target not found
Native extension for WebGL target not found
Refreshing native plugins compatible for Editor in 0.39 ms, found 1 plugins.
Preloading 0 native plugins for Editor in 0.00 ms.
Invoked RoslynAnalysisRunner static constructor.
RoslynAnalysisRunner will not be running.
RoslynAnalysisRunner has terminated.
Mono: successfully reloaded assembly
- Completed reload, in  1.182 seconds
Platform modules already initialized, skipping
Switching build target platform(5) subTarget(0) extendedPlatform(0) -> platform(13) subTarget(537395200) extendedPlatform(0)
Refreshing native plugins compatible for Editor in 0.35 ms, found 1 plugins.
Preloading 0 native plugins for Editor in 0.00 ms.
Unloading 1844 Unused Serialized files (Serialized files now loaded: 0)
System memory in use before: 108.5 MB.
System memory in use after: 108.5 MB.

Unloading 12 unused Assets to reduce memory usage. Loaded Objects now: 2365.
Total: 3.189800 ms (FindLiveObjects: 0.371800 ms CreateObjectMapping: 0.117500 ms MarkObjects: 2.450100 ms  DeleteObjects: 0.249200 ms)

AssetImportParameters requested are different than current active one (requested -> active):
  custom:graphics/normal-map-encoding: 01000000000000000000000000000000 -> 02000000000000000000000000000000
========================================================================
Received Import Request.
  Time since last request: 403.201397 seconds.
  path: Assets/Prefabs
  artifactKey: Guid(daef897e436f23546be761371a760103) Importer(815301076,1909f56bfc062723c751e8b465ee728b)
Start importing Assets/Prefabs using Guid(daef897e436f23546be761371a760103) Importer(815301076,1909f56bfc062723c751e8b465ee728b)  -> (artifact id: '9bec73c6f920b7069a73c0ebcc5ce7fb') in 0.017880 seconds
  Import took 0.025990 seconds .

========================================================================
Received Import Request.
  Time since last request: 7.083634 seconds.
  path: Assets/Fonts
  artifactKey: Guid(c989b73126eaf414294447b1b6de4bd6) Importer(815301076,1909f56bfc062723c751e8b465ee728b)
Start importing Assets/Fonts using Guid(c989b73126eaf414294447b1b6de4bd6) Importer(815301076,1909f56bfc062723c751e8b465ee728b)  -> (artifact id: '6549b08275942ac487786db6d66153cb') in 0.014496 seconds
  Import took 0.020827 seconds .

========================================================================
Received Import Request.
  Time since last request: 6.642430 seconds.
  path: Assets/Fonts/Sketch 3D.otf
  artifactKey: Guid(f50c34ea86c851c45a15189977d9b7d6) Importer(815301076,1909f56bfc062723c751e8b465ee728b)
Start importing Assets/Fonts/Sketch 3D.otf using Guid(f50c34ea86c851c45a15189977d9b7d6) Importer(815301076,1909f56bfc062723c751e8b465ee728b)  -> (artifact id: '3161b4248aa3699be49492274ee55655') in 0.193066 seconds
  Import took 0.198046 seconds .

========================================================================
Received Import Request.
  Time since last request: 72.063493 seconds.
  path: Assets/Scenes/Game Over.unity
  artifactKey: Guid(da6d28905df84a44fb07cc9c6bd947b8) Importer(815301076,1909f56bfc062723c751e8b465ee728b)
Start importing Assets/Scenes/Game Over.unity using Guid(da6d28905df84a44fb07cc9c6bd947b8) Importer(815301076,1909f56bfc062723c751e8b465ee728b)  -> (artifact id: '55aa9d738e7306ffbbcd306c21ed8c0c') in 0.016710 seconds
  Import took 0.023972 seconds .

========================================================================
Received Import Request.
  Time since last request: 162.765576 seconds.
  path: Assets/TextMesh Pro/Resources/Fonts & Materials/LiberationSans SDF - Drop Shadow.mat
  artifactKey: Guid(e73a58f6e2794ae7b1b7e50b7fb811b0) Importer(815301076,1909f56bfc062723c751e8b465ee728b)
Start importing Assets/TextMesh Pro/Resources/Fonts & Materials/LiberationSans SDF - Drop Shadow.mat using Guid(e73a58f6e2794ae7b1b7e50b7fb811b0) Importer(815301076,1909f56bfc062723c751e8b465ee728b)  -> (artifact id: 'c194066b5ddf713208b3818b9611a53a') in 0.182292 seconds
  Import took 0.188204 seconds .

========================================================================
Received Import Request.
  Time since last request: 0.000393 seconds.
  path: Assets/TextMesh Pro/Resources/Fonts & Materials/LiberationSans SDF - Outline.mat
  artifactKey: Guid(79459efec17a4d00a321bdcc27bbc385) Importer(815301076,1909f56bfc062723c751e8b465ee728b)
Start importing Assets/TextMesh Pro/Resources/Fonts & Materials/LiberationSans SDF - Outline.mat using Guid(79459efec17a4d00a321bdcc27bbc385) Importer(815301076,1909f56bfc062723c751e8b465ee728b)  -> (artifact id: 'a9effe56a08cd2156f7af31e426d9ac1') in 0.050284 seconds
  Import took 0.058435 seconds .

========================================================================
Received Import Request.
  Time since last request: 0.000347 seconds.
  path: Assets/TextMesh Pro/Resources/Fonts & Materials/LiberationSans SDF - Fallback.asset
  artifactKey: Guid(2e498d1c8094910479dc3e1b768306a4) Importer(815301076,1909f56bfc062723c751e8b465ee728b)
Start importing Assets/TextMesh Pro/Resources/Fonts & Materials/LiberationSans SDF - Fallback.asset using Guid(2e498d1c8094910479dc3e1b768306a4) Importer(815301076,1909f56bfc062723c751e8b465ee728b)  -> (artifact id: 'ce7b026d7eb27ba79ec0f96f4fe45e1f') in 0.087775 seconds
  Import took 0.093659 seconds .

========================================================================
Received Import Request.
  Time since last request: 0.000319 seconds.
  path: Assets/TextMesh Pro/Resources/Fonts & Materials/LiberationSans SDF - Drop Shadow.mat
  artifactKey: Guid(e73a58f6e2794ae7b1b7e50b7fb811b0) Importer(815301076,1909f56bfc062723c751e8b465ee728b)
Start importing Assets/TextMesh Pro/Resources/Fonts & Materials/LiberationSans SDF - Drop Shadow.mat using Guid(e73a58f6e2794ae7b1b7e50b7fb811b0) Importer(815301076,1909f56bfc062723c751e8b465ee728b)  -> (artifact id: 'c194066b5ddf713208b3818b9611a53a') in 0.044580 seconds
  Import took 0.050296 seconds .

========================================================================
Received Import Request.
  Time since last request: 0.000855 seconds.
  path: Assets/TextMesh Pro/Resources/Fonts & Materials/LiberationSans SDF - Fallback.asset
  artifactKey: Guid(2e498d1c8094910479dc3e1b768306a4) Importer(815301076,1909f56bfc062723c751e8b465ee728b)
Start importing Assets/TextMesh Pro/Resources/Fonts & Materials/LiberationSans SDF - Fallback.asset using Guid(2e498d1c8094910479dc3e1b768306a4) Importer(815301076,1909f56bfc062723c751e8b465ee728b)  -> (artifact id: 'ce7b026d7eb27ba79ec0f96f4fe45e1f') in 0.016599 seconds
  Import took 0.023112 seconds .

========================================================================
Received Import Request.
  Time since last request: 0.000353 seconds.
  path: Assets/TextMesh Pro/Resources/Fonts & Materials/LiberationSans SDF.asset
  artifactKey: Guid(8f586378b4e144a9851e7b34d9b748ee) Importer(815301076,1909f56bfc062723c751e8b465ee728b)
Start importing Assets/TextMesh Pro/Resources/Fonts & Materials/LiberationSans SDF.asset using Guid(8f586378b4e144a9851e7b34d9b748ee) Importer(815301076,1909f56bfc062723c751e8b465ee728b)  -> (artifact id: '012442951c2af51cf6d0c4f6d14be546') in 0.067251 seconds
  Import took 0.072601 seconds .

========================================================================
Received Import Request.
  Time since last request: 189.795536 seconds.
  path: Assets/Fonts/Sketch 3D SDF.asset
  artifactKey: Guid(44605611ea4511743a33bcede9da12df) Importer(815301076,1909f56bfc062723c751e8b465ee728b)
Start importing Assets/Fonts/Sketch 3D SDF.asset using Guid(44605611ea4511743a33bcede9da12df) Importer(815301076,1909f56bfc062723c751e8b465ee728b)  -> (artifact id: '6d5a7b644598d6701b63065a5b8637a0') in 0.048202 seconds
  Import took 0.054805 seconds .

========================================================================
Received Import Request.
  Time since last request: 36.670547 seconds.
  path: Assets/Fonts/Sketch 3D SDF.asset
  artifactKey: Guid(44605611ea4511743a33bcede9da12df) Importer(815301076,1909f56bfc062723c751e8b465ee728b)
Start importing Assets/Fonts/Sketch 3D SDF.asset using Guid(44605611ea4511743a33bcede9da12df) Importer(815301076,1909f56bfc062723c751e8b465ee728b)  -> (artifact id: '8ec404e55bcc50681661835eaeaf79da') in 0.044159 seconds
  Import took 0.049726 seconds .

========================================================================
Received Import Request.
  Time since last request: 4.348819 seconds.
  path: Assets/Scenes/Game Over.unity
  artifactKey: Guid(da6d28905df84a44fb07cc9c6bd947b8) Importer(815301076,1909f56bfc062723c751e8b465ee728b)
Start importing Assets/Scenes/Game Over.unity using Guid(da6d28905df84a44fb07cc9c6bd947b8) Importer(815301076,1909f56bfc062723c751e8b465ee728b)  -> (artifact id: '8fc2c2e65959abf536c224c6dd85caf7') in 0.015664 seconds
  Import took 0.021788 seconds .

========================================================================
Received Import Request.
  Time since last request: 0.287695 seconds.
  path: Assets/Scenes/Level 1.unity
  artifactKey: Guid(c597623666807a842b958ff52d01c389) Importer(815301076,1909f56bfc062723c751e8b465ee728b)
Start importing Assets/Scenes/Level 1.unity using Guid(c597623666807a842b958ff52d01c389) Importer(815301076,1909f56bfc062723c751e8b465ee728b)  -> (artifact id: 'd487cd7f73076303ed080d1a1e427549') in 0.014400 seconds
  Import took 0.020120 seconds .

========================================================================
Received Import Request.
  Time since last request: 1224.133246 seconds.
  path: Assets/Scenes/Start Game.unity
  artifactKey: Guid(2cda990e2423bbf4892e6590ba056729) Importer(815301076,1909f56bfc062723c751e8b465ee728b)
Start importing Assets/Scenes/Start Game.unity using Guid(2cda990e2423bbf4892e6590ba056729) Importer(815301076,1909f56bfc062723c751e8b465ee728b)  -> (artifact id: '0b8151a6de78353bd114f9d4ff25c4e4') in 0.015407 seconds
  Import took 0.021038 seconds .

========================================================================
Received Import Request.
  Time since last request: 229.407984 seconds.
  path: Assets/Scenes/Start Game.unity
  artifactKey: Guid(2cda990e2423bbf4892e6590ba056729) Importer(815301076,1909f56bfc062723c751e8b465ee728b)
Start importing Assets/Scenes/Start Game.unity using Guid(2cda990e2423bbf4892e6590ba056729) Importer(815301076,1909f56bfc062723c751e8b465ee728b)  -> (artifact id: '687acc4c3338fe0f1c3fe36dbbe2e99b') in 0.005852 seconds
  Import took 0.011322 seconds .

========================================================================
Received Prepare
Registering precompiled user dll's ...
Registered in 0.001844 seconds.
Begin MonoManager ReloadAssembly
Native extension for WindowsStandalone target not found
Native extension for WebGL target not found
Refreshing native plugins compatible for Editor in 0.40 ms, found 1 plugins.
Preloading 0 native plugins for Editor in 0.00 ms.
Invoked RoslynAnalysisRunner static constructor.
RoslynAnalysisRunner will not be running.
RoslynAnalysisRunner has terminated.
Mono: successfully reloaded assembly
- Completed reload, in  1.137 seconds
Platform modules already initialized, skipping
Switching build target platform(5) subTarget(0) extendedPlatform(0) -> platform(13) subTarget(537395200) extendedPlatform(0)
Refreshing native plugins compatible for Editor in 0.49 ms, found 1 plugins.
Preloading 0 native plugins for Editor in 0.00 ms.
Unloading 1844 Unused Serialized files (Serialized files now loaded: 0)
System memory in use before: 109.0 MB.
System memory in use after: 109.0 MB.

Unloading 12 unused Assets to reduce memory usage. Loaded Objects now: 2410.
Total: 2.785300 ms (FindLiveObjects: 0.353100 ms CreateObjectMapping: 0.095300 ms MarkObjects: 2.060400 ms  DeleteObjects: 0.275100 ms)

AssetImportParameters requested are different than current active one (requested -> active):
  custom:graphics/normal-map-encoding: 01000000000000000000000000000000 -> 02000000000000000000000000000000
========================================================================
Received Prepare
Registering precompiled user dll's ...
Registered in 0.001069 seconds.
Begin MonoManager ReloadAssembly
Native extension for WindowsStandalone target not found
Native extension for WebGL target not found
Refreshing native plugins compatible for Editor in 0.39 ms, found 1 plugins.
Preloading 0 native plugins for Editor in 0.00 ms.
Invoked RoslynAnalysisRunner static constructor.
RoslynAnalysisRunner will not be running.
RoslynAnalysisRunner has terminated.
Mono: successfully reloaded assembly
- Completed reload, in  1.236 seconds
Platform modules already initialized, skipping
Switching build target platform(5) subTarget(0) extendedPlatform(0) -> platform(13) subTarget(537395200) extendedPlatform(0)
Refreshing native plugins compatible for Editor in 1.01 ms, found 1 plugins.
Preloading 0 native plugins for Editor in 0.00 ms.
Unloading 1844 Unused Serialized files (Serialized files now loaded: 0)
System memory in use before: 109.0 MB.
System memory in use after: 109.0 MB.

Unloading 12 unused Assets to reduce memory usage. Loaded Objects now: 2414.
Total: 2.888300 ms (FindLiveObjects: 0.345700 ms CreateObjectMapping: 0.126000 ms MarkObjects: 2.283300 ms  DeleteObjects: 0.130900 ms)

AssetImportParameters requested are different than current active one (requested -> active):
  custom:graphics/normal-map-encoding: 01000000000000000000000000000000 -> 02000000000000000000000000000000
========================================================================
Received Import Request.
  Time since last request: 202.560351 seconds.
  path: Assets/Script/QuitBtn.cs
  artifactKey: Guid(c4cf9ea87e9975746bf0c31e6258f115) Importer(815301076,1909f56bfc062723c751e8b465ee728b)
Start importing Assets/Script/QuitBtn.cs using Guid(c4cf9ea87e9975746bf0c31e6258f115) Importer(815301076,1909f56bfc062723c751e8b465ee728b)  -> (artifact id: '4c1429a4354345df3c22269c7267e050') in 0.020259 seconds
  Import took 0.030931 seconds .

========================================================================
Received Prepare
Registering precompiled user dll's ...
Registered in 0.001311 seconds.
Begin MonoManager ReloadAssembly
Native extension for WindowsStandalone target not found
Native extension for WebGL target not found
Refreshing native plugins compatible for Editor in 0.41 ms, found 1 plugins.
Preloading 0 native plugins for Editor in 0.00 ms.
Invoked RoslynAnalysisRunner static constructor.
RoslynAnalysisRunner will not be running.
RoslynAnalysisRunner has terminated.
Mono: successfully reloaded assembly
- Completed reload, in  1.165 seconds
Platform modules already initialized, skipping
Switching build target platform(5) subTarget(0) extendedPlatform(0) -> platform(13) subTarget(537395200) extendedPlatform(0)
Refreshing native plugins compatible for Editor in 0.38 ms, found 1 plugins.
Preloading 0 native plugins for Editor in 0.00 ms.
Unloading 1844 Unused Serialized files (Serialized files now loaded: 0)
System memory in use before: 109.0 MB.
System memory in use after: 109.0 MB.

Unloading 12 unused Assets to reduce memory usage. Loaded Objects now: 2418.
Total: 4.192700 ms (FindLiveObjects: 0.462500 ms CreateObjectMapping: 0.117900 ms MarkObjects: 3.477500 ms  DeleteObjects: 0.132600 ms)

AssetImportParameters requested are different than current active one (requested -> active):
  custom:graphics/normal-map-encoding: 01000000000000000000000000000000 -> 02000000000000000000000000000000
========================================================================
Received Import Request.
  Time since last request: 151.479327 seconds.
  path: Assets/Script/QuitBtn.cs
  artifactKey: Guid(c4cf9ea87e9975746bf0c31e6258f115) Importer(815301076,1909f56bfc062723c751e8b465ee728b)
Start importing Assets/Script/QuitBtn.cs using Guid(c4cf9ea87e9975746bf0c31e6258f115) Importer(815301076,1909f56bfc062723c751e8b465ee728b)  -> (artifact id: 'fa2e768415945c5a5b3907e27c506ff9') in 0.006926 seconds
  Import took 0.010613 seconds .

========================================================================
Received Prepare
Registering precompiled user dll's ...
Registered in 0.001654 seconds.
Begin MonoManager ReloadAssembly
Native extension for WindowsStandalone target not found
Native extension for WebGL target not found
Refreshing native plugins compatible for Editor in 0.38 ms, found 1 plugins.
Preloading 0 native plugins for Editor in 0.00 ms.
Invoked RoslynAnalysisRunner static constructor.
RoslynAnalysisRunner will not be running.
RoslynAnalysisRunner has terminated.
Mono: successfully reloaded assembly
- Completed reload, in  1.263 seconds
Platform modules already initialized, skipping
Switching build target platform(5) subTarget(0) extendedPlatform(0) -> platform(13) subTarget(537395200) extendedPlatform(0)
Refreshing native plugins compatible for Editor in 0.43 ms, found 1 plugins.
Preloading 0 native plugins for Editor in 0.00 ms.
Unloading 1844 Unused Serialized files (Serialized files now loaded: 0)
System memory in use before: 109.0 MB.
System memory in use after: 109.0 MB.

Unloading 12 unused Assets to reduce memory usage. Loaded Objects now: 2422.
Total: 4.236900 ms (FindLiveObjects: 0.445800 ms CreateObjectMapping: 0.166000 ms MarkObjects: 3.417500 ms  DeleteObjects: 0.205900 ms)

AssetImportParameters requested are different than current active one (requested -> active):
  custom:graphics/normal-map-encoding: 01000000000000000000000000000000 -> 02000000000000000000000000000000
========================================================================
Received Prepare
Registering precompiled user dll's ...
Registered in 0.002047 seconds.
Begin MonoManager ReloadAssembly
Native extension for WindowsStandalone target not found
Native extension for WebGL target not found
Refreshing native plugins compatible for Editor in 0.71 ms, found 1 plugins.
Preloading 0 native plugins for Editor in 0.00 ms.
Invoked RoslynAnalysisRunner static constructor.
RoslynAnalysisRunner will not be running.
RoslynAnalysisRunner has terminated.
Mono: successfully reloaded assembly
- Completed reload, in  1.218 seconds
Platform modules already initialized, skipping
Switching build target platform(5) subTarget(0) extendedPlatform(0) -> platform(13) subTarget(537395200) extendedPlatform(0)
Refreshing native plugins compatible for Editor in 0.48 ms, found 1 plugins.
Preloading 0 native plugins for Editor in 0.00 ms.
Unloading 1844 Unused Serialized files (Serialized files now loaded: 0)
System memory in use before: 109.0 MB.
System memory in use after: 109.0 MB.

Unloading 12 unused Assets to reduce memory usage. Loaded Objects now: 2426.
Total: 4.254200 ms (FindLiveObjects: 0.872000 ms CreateObjectMapping: 0.184600 ms MarkObjects: 2.997200 ms  DeleteObjects: 0.196500 ms)

AssetImportParameters requested are different than current active one (requested -> active):
  custom:graphics/normal-map-encoding: 01000000000000000000000000000000 -> 02000000000000000000000000000000
========================================================================
Received Import Request.
  Time since last request: 159.086673 seconds.
  path: Assets/Scenes/Game Over.unity
  artifactKey: Guid(da6d28905df84a44fb07cc9c6bd947b8) Importer(815301076,1909f56bfc062723c751e8b465ee728b)
Start importing Assets/Scenes/Game Over.unity using Guid(da6d28905df84a44fb07cc9c6bd947b8) Importer(815301076,1909f56bfc062723c751e8b465ee728b)  -> (artifact id: 'ecad25c0c733ebe7fd221b3c12dcd716') in 0.024363 seconds
  Import took 0.030613 seconds .

========================================================================
Received Prepare
Registering precompiled user dll's ...
Registered in 0.001015 seconds.
Begin MonoManager ReloadAssembly
Native extension for WindowsStandalone target not found
Native extension for WebGL target not found
Refreshing native plugins compatible for Editor in 0.39 ms, found 1 plugins.
Preloading 0 native plugins for Editor in 0.00 ms.
Invoked RoslynAnalysisRunner static constructor.
RoslynAnalysisRunner will not be running.
RoslynAnalysisRunner has terminated.
Mono: successfully reloaded assembly
- Completed reload, in  1.203 seconds
Platform modules already initialized, skipping
Switching build target platform(5) subTarget(0) extendedPlatform(0) -> platform(13) subTarget(537395200) extendedPlatform(0)
Refreshing native plugins compatible for Editor in 0.38 ms, found 1 plugins.
Preloading 0 native plugins for Editor in 0.00 ms.
Unloading 1844 Unused Serialized files (Serialized files now loaded: 0)
System memory in use before: 109.0 MB.
System memory in use after: 109.0 MB.

Unloading 12 unused Assets to reduce memory usage. Loaded Objects now: 2430.
Total: 2.929900 ms (FindLiveObjects: 0.276800 ms CreateObjectMapping: 0.086100 ms MarkObjects: 2.384900 ms  DeleteObjects: 0.180400 ms)

AssetImportParameters requested are different than current active one (requested -> active):
  custom:graphics/normal-map-encoding: 01000000000000000000000000000000 -> 02000000000000000000000000000000
========================================================================
Received Import Request.
  Time since last request: 284.696005 seconds.
  path: ProjectSettings/TagManager.asset
  artifactKey: Guid(00000000000000003000000000000000) Importer(815301076,1909f56bfc062723c751e8b465ee728b)
Start importing ProjectSettings/TagManager.asset using Guid(00000000000000003000000000000000) Importer(815301076,1909f56bfc062723c751e8b465ee728b)  -> (artifact id: 'a6e33db49710b5119a512f5f9b3254a8') in 0.026270 seconds
  Import took 0.033445 seconds .

========================================================================
Received Import Request.
  Time since last request: 19.290846 seconds.
  path: Assets/Scenes/Start Game.unity
  artifactKey: Guid(2cda990e2423bbf4892e6590ba056729) Importer(815301076,1909f56bfc062723c751e8b465ee728b)
Start importing Assets/Scenes/Start Game.unity using Guid(2cda990e2423bbf4892e6590ba056729) Importer(815301076,1909f56bfc062723c751e8b465ee728b)  -> (artifact id: 'b48d46c4fa72b08b1035d6851c2c0891') in 0.011018 seconds
  Import took 0.018961 seconds .

========================================================================
Received Import Request.
  Time since last request: 151.584714 seconds.
  path: Assets/Script/QuitBtn.cs
  artifactKey: Guid(c4cf9ea87e9975746bf0c31e6258f115) Importer(815301076,1909f56bfc062723c751e8b465ee728b)
Start importing Assets/Script/QuitBtn.cs using Guid(c4cf9ea87e9975746bf0c31e6258f115) Importer(815301076,1909f56bfc062723c751e8b465ee728b)  -> (artifact id: '2c49edd39af1ed3cdc2b02bbec82ab9b') in 0.003954 seconds
  Import took 0.011161 seconds .

========================================================================
Received Import Request.
  Time since last request: 0.001051 seconds.
  path: Assets/Script/QuitBtn.cs
  artifactKey: Guid(c4cf9ea87e9975746bf0c31e6258f115) Importer(815301076,1909f56bfc062723c751e8b465ee728b)
Start importing Assets/Script/QuitBtn.cs using Guid(c4cf9ea87e9975746bf0c31e6258f115) Importer(815301076,1909f56bfc062723c751e8b465ee728b)  -> (artifact id: '2c49edd39af1ed3cdc2b02bbec82ab9b') in 0.003997 seconds
  Import took 0.009947 seconds .

========================================================================
Received Prepare
Registering precompiled user dll's ...
Registered in 0.001704 seconds.
Begin MonoManager ReloadAssembly
Native extension for WindowsStandalone target not found
Native extension for WebGL target not found
Refreshing native plugins compatible for Editor in 0.38 ms, found 1 plugins.
Preloading 0 native plugins for Editor in 0.00 ms.
Invoked RoslynAnalysisRunner static constructor.
RoslynAnalysisRunner will not be running.
RoslynAnalysisRunner has terminated.
Mono: successfully reloaded assembly
- Completed reload, in  1.244 seconds
Platform modules already initialized, skipping
Switching build target platform(5) subTarget(0) extendedPlatform(0) -> platform(13) subTarget(537395200) extendedPlatform(0)
Refreshing native plugins compatible for Editor in 0.35 ms, found 1 plugins.
Preloading 0 native plugins for Editor in 0.00 ms.
Unloading 1844 Unused Serialized files (Serialized files now loaded: 0)
System memory in use before: 109.0 MB.
System memory in use after: 109.0 MB.

Unloading 13 unused Assets to reduce memory usage. Loaded Objects now: 2434.
Total: 4.769900 ms (FindLiveObjects: 0.383000 ms CreateObjectMapping: 0.165300 ms MarkObjects: 4.020300 ms  DeleteObjects: 0.198400 ms)

AssetImportParameters requested are different than current active one (requested -> active):
  custom:graphics/normal-map-encoding: 01000000000000000000000000000000 -> 02000000000000000000000000000000
========================================================================
Received Import Request.
  Time since last request: 128.928660 seconds.
  path: Assets/Script/QuitBtn.cs
  artifactKey: Guid(c4cf9ea87e9975746bf0c31e6258f115) Importer(815301076,1909f56bfc062723c751e8b465ee728b)
Start importing Assets/Script/QuitBtn.cs using Guid(c4cf9ea87e9975746bf0c31e6258f115) Importer(815301076,1909f56bfc062723c751e8b465ee728b)  -> (artifact id: '3d34c3211b36697fc24765ca10fe585c') in 0.009343 seconds
  Import took 0.013804 seconds .

========================================================================
Received Prepare
Registering precompiled user dll's ...
Registered in 0.001055 seconds.
Begin MonoManager ReloadAssembly
Native extension for WindowsStandalone target not found
Native extension for WebGL target not found
Refreshing native plugins compatible for Editor in 0.36 ms, found 1 plugins.
Preloading 0 native plugins for Editor in 0.00 ms.
Invoked RoslynAnalysisRunner static constructor.
RoslynAnalysisRunner will not be running.
RoslynAnalysisRunner has terminated.
Mono: successfully reloaded assembly
- Completed reload, in  1.249 seconds
Platform modules already initialized, skipping
Switching build target platform(5) subTarget(0) extendedPlatform(0) -> platform(13) subTarget(537395200) extendedPlatform(0)
Refreshing native plugins compatible for Editor in 0.36 ms, found 1 plugins.
Preloading 0 native plugins for Editor in 0.00 ms.
Unloading 1844 Unused Serialized files (Serialized files now loaded: 0)
System memory in use before: 109.0 MB.
System memory in use after: 109.0 MB.

Unloading 12 unused Assets to reduce memory usage. Loaded Objects now: 2438.
Total: 4.397600 ms (FindLiveObjects: 0.275300 ms CreateObjectMapping: 0.136900 ms MarkObjects: 3.791100 ms  DeleteObjects: 0.192100 ms)

AssetImportParameters requested are different than current active one (requested -> active):
  custom:graphics/normal-map-encoding: 01000000000000000000000000000000 -> 02000000000000000000000000000000
========================================================================
Received Prepare
Registering precompiled user dll's ...
Registered in 0.001043 seconds.
Begin MonoManager ReloadAssembly
Native extension for WindowsStandalone target not found
Native extension for WebGL target not found
Refreshing native plugins compatible for Editor in 0.94 ms, found 1 plugins.
Preloading 0 native plugins for Editor in 0.00 ms.
Invoked RoslynAnalysisRunner static constructor.
RoslynAnalysisRunner will not be running.
RoslynAnalysisRunner has terminated.
Mono: successfully reloaded assembly
- Completed reload, in  1.230 seconds
Platform modules already initialized, skipping
Switching build target platform(5) subTarget(0) extendedPlatform(0) -> platform(13) subTarget(537395200) extendedPlatform(0)
Refreshing native plugins compatible for Editor in 0.40 ms, found 1 plugins.
Preloading 0 native plugins for Editor in 0.00 ms.
Unloading 1844 Unused Serialized files (Serialized files now loaded: 0)
System memory in use before: 109.1 MB.
System memory in use after: 109.0 MB.

Unloading 12 unused Assets to reduce memory usage. Loaded Objects now: 2442.
Total: 3.184100 ms (FindLiveObjects: 0.382300 ms CreateObjectMapping: 0.137400 ms MarkObjects: 2.408900 ms  DeleteObjects: 0.253600 ms)

AssetImportParameters requested are different than current active one (requested -> active):
  custom:graphics/normal-map-encoding: 01000000000000000000000000000000 -> 02000000000000000000000000000000
========================================================================
Received Prepare
Registering precompiled user dll's ...
Registered in 0.001298 seconds.
Begin MonoManager ReloadAssembly
Native extension for WindowsStandalone target not found
Native extension for WebGL target not found
Refreshing native plugins compatible for Editor in 0.38 ms, found 1 plugins.
Preloading 0 native plugins for Editor in 0.00 ms.
Invoked RoslynAnalysisRunner static constructor.
RoslynAnalysisRunner will not be running.
RoslynAnalysisRunner has terminated.
Mono: successfully reloaded assembly
- Completed reload, in  1.336 seconds
Platform modules already initialized, skipping
Switching build target platform(5) subTarget(0) extendedPlatform(0) -> platform(13) subTarget(537395200) extendedPlatform(0)
Refreshing native plugins compatible for Editor in 0.49 ms, found 1 plugins.
Preloading 0 native plugins for Editor in 0.00 ms.
Unloading 1844 Unused Serialized files (Serialized files now loaded: 0)
System memory in use before: 109.1 MB.
System memory in use after: 109.1 MB.

Unloading 12 unused Assets to reduce memory usage. Loaded Objects now: 2446.
Total: 3.388900 ms (FindLiveObjects: 0.513600 ms CreateObjectMapping: 0.138700 ms MarkObjects: 2.582200 ms  DeleteObjects: 0.152700 ms)

AssetImportParameters requested are different than current active one (requested -> active):
  custom:graphics/normal-map-encoding: 01000000000000000000000000000000 -> 02000000000000000000000000000000
========================================================================
Received Import Request.
  Time since last request: 268.213297 seconds.
  path: Assets/Script/QuitBtn.cs
  artifactKey: Guid(c4cf9ea87e9975746bf0c31e6258f115) Importer(815301076,1909f56bfc062723c751e8b465ee728b)
Start importing Assets/Script/QuitBtn.cs using Guid(c4cf9ea87e9975746bf0c31e6258f115) Importer(815301076,1909f56bfc062723c751e8b465ee728b)  -> (artifact id: '519cdbdb632bc7454e04cfae2ed4e1b0') in 0.007544 seconds
  Import took 0.013623 seconds .

========================================================================
Received Import Request.
  Time since last request: 23.171827 seconds.
  path: Assets/Scenes/Start Game.unity
  artifactKey: Guid(2cda990e2423bbf4892e6590ba056729) Importer(815301076,1909f56bfc062723c751e8b465ee728b)
Start importing Assets/Scenes/Start Game.unity using Guid(2cda990e2423bbf4892e6590ba056729) Importer(815301076,1909f56bfc062723c751e8b465ee728b)  -> (artifact id: '881bfb337ed121c8ca05ca50f389ba78') in 0.016276 seconds
  Import took 0.023113 seconds .

========================================================================
Received Prepare
Registering precompiled user dll's ...
Registered in 0.001173 seconds.
Begin MonoManager ReloadAssembly
Native extension for WindowsStandalone target not found
Native extension for WebGL target not found
Refreshing native plugins compatible for Editor in 0.35 ms, found 1 plugins.
Preloading 0 native plugins for Editor in 0.00 ms.
Invoked RoslynAnalysisRunner static constructor.
RoslynAnalysisRunner will not be running.
RoslynAnalysisRunner has terminated.
Mono: successfully reloaded assembly
- Completed reload, in  1.280 seconds
Platform modules already initialized, skipping
Switching build target platform(5) subTarget(0) extendedPlatform(0) -> platform(13) subTarget(537395200) extendedPlatform(0)
Refreshing native plugins compatible for Editor in 0.46 ms, found 1 plugins.
Preloading 0 native plugins for Editor in 0.00 ms.
Unloading 1844 Unused Serialized files (Serialized files now loaded: 0)
System memory in use before: 109.1 MB.
System memory in use after: 109.1 MB.

Unloading 12 unused Assets to reduce memory usage. Loaded Objects now: 2450.
Total: 4.134500 ms (FindLiveObjects: 0.376400 ms CreateObjectMapping: 0.161400 ms MarkObjects: 3.349800 ms  DeleteObjects: 0.244900 ms)

AssetImportParameters requested are different than current active one (requested -> active):
  custom:graphics/normal-map-encoding: 01000000000000000000000000000000 -> 02000000000000000000000000000000
========================================================================
Received Prepare
Registering precompiled user dll's ...
Registered in 0.001019 seconds.
Begin MonoManager ReloadAssembly
Native extension for WindowsStandalone target not found
Native extension for WebGL target not found
Refreshing native plugins compatible for Editor in 0.40 ms, found 1 plugins.
Preloading 0 native plugins for Editor in 0.00 ms.
Invoked RoslynAnalysisRunner static constructor.
RoslynAnalysisRunner will not be running.
RoslynAnalysisRunner has terminated.
Mono: successfully reloaded assembly
- Completed reload, in  1.249 seconds
Platform modules already initialized, skipping
Switching build target platform(5) subTarget(0) extendedPlatform(0) -> platform(13) subTarget(537395200) extendedPlatform(0)
Refreshing native plugins compatible for Editor in 0.66 ms, found 1 plugins.
Preloading 0 native plugins for Editor in 0.00 ms.
Unloading 1844 Unused Serialized files (Serialized files now loaded: 0)
System memory in use before: 109.1 MB.
System memory in use after: 109.1 MB.

Unloading 12 unused Assets to reduce memory usage. Loaded Objects now: 2454.
Total: 3.515700 ms (FindLiveObjects: 0.328300 ms CreateObjectMapping: 0.091600 ms MarkObjects: 2.888400 ms  DeleteObjects: 0.205900 ms)

AssetImportParameters requested are different than current active one (requested -> active):
  custom:graphics/normal-map-encoding: 01000000000000000000000000000000 -> 02000000000000000000000000000000
========================================================================
Received Import Request.
  Time since last request: 120.727105 seconds.
  path: Assets/Prefabs/Block Square.prefab
  artifactKey: Guid(d5913ea753d5cec4a885caa6847de2ee) Importer(815301076,1909f56bfc062723c751e8b465ee728b)
Start importing Assets/Prefabs/Block Square.prefab using Guid(d5913ea753d5cec4a885caa6847de2ee) Importer(815301076,1909f56bfc062723c751e8b465ee728b)  -> (artifact id: '271099e6235e6cf0c241844f581ffaf2') in 0.344241 seconds
  Import took 0.349120 seconds .

========================================================================
Received Import Request.
  Time since last request: 248.482315 seconds.
  path: Assets/Prefabs/Block Square.prefab
  artifactKey: Guid(d5913ea753d5cec4a885caa6847de2ee) Importer(815301076,1909f56bfc062723c751e8b465ee728b)
Start importing Assets/Prefabs/Block Square.prefab using Guid(d5913ea753d5cec4a885caa6847de2ee) Importer(815301076,1909f56bfc062723c751e8b465ee728b)  -> (artifact id: 'cfc1058ee59dc9cce26fdcd7646f1c86') in 0.025881 seconds
  Import took 0.032836 seconds .

========================================================================
Received Import Request.
  Time since last request: 3.404228 seconds.
  path: Assets/Prefabs/Block Square.prefab
  artifactKey: Guid(d5913ea753d5cec4a885caa6847de2ee) Importer(815301076,1909f56bfc062723c751e8b465ee728b)
Start importing Assets/Prefabs/Block Square.prefab using Guid(d5913ea753d5cec4a885caa6847de2ee) Importer(815301076,1909f56bfc062723c751e8b465ee728b)  -> (artifact id: '54d75290830199a3e5be83124006c384') in 0.018706 seconds
  Import took 0.024144 seconds .

========================================================================
Received Prepare
Registering precompiled user dll's ...
Registered in 0.001130 seconds.
Begin MonoManager ReloadAssembly
Native extension for WindowsStandalone target not found
Native extension for WebGL target not found
Refreshing native plugins compatible for Editor in 0.47 ms, found 1 plugins.
Preloading 0 native plugins for Editor in 0.00 ms.
Invoked RoslynAnalysisRunner static constructor.
RoslynAnalysisRunner will not be running.
RoslynAnalysisRunner has terminated.
Mono: successfully reloaded assembly
- Completed reload, in  1.214 seconds
Platform modules already initialized, skipping
Switching build target platform(5) subTarget(0) extendedPlatform(0) -> platform(13) subTarget(537395200) extendedPlatform(0)
Refreshing native plugins compatible for Editor in 0.39 ms, found 1 plugins.
Preloading 0 native plugins for Editor in 0.00 ms.
Unloading 1844 Unused Serialized files (Serialized files now loaded: 0)
System memory in use before: 109.1 MB.
System memory in use after: 109.1 MB.

Unloading 12 unused Assets to reduce memory usage. Loaded Objects now: 2459.
Total: 2.418700 ms (FindLiveObjects: 0.254900 ms CreateObjectMapping: 0.074300 ms MarkObjects: 1.907700 ms  DeleteObjects: 0.180600 ms)

AssetImportParameters requested are different than current active one (requested -> active):
  custom:graphics/normal-map-encoding: 01000000000000000000000000000000 -> 02000000000000000000000000000000
AssetImportWorkerClient::OnTransportError - code=2 error=End of file
